Using pre-set license
Built from '2020.3/staging' branch; Version is '2020.3.26f1 (7298b473bc1a) revision 7510196'; Using compiler version '192528614'; Build Type 'Release'
OS: 'Windows 10  (10.0.18363) 64bit CoreCountrySpecific' Language: 'zh' Physical Memory: 16224 MB
BatchMode: 1, IsHumanControllingUs: 0, StartBugReporterOnCrash: 0, Is64bit: 1, IsPro: 0

COMMAND LINE ARGUMENTS:
D:\Unity Editor\2020.3.26f1\Editor\Unity.exe
-adb2
-batchMode
-noUpm
-name
AssetImportWorker0
-projectPath
D:/Unity_Projects/GameJam1
-logFile
Logs/AssetImportWorker0.log
-srvPort
53235
Successfully changed project path to: D:/Unity_Projects/GameJam1
D:/Unity_Projects/GameJam1
Using Asset Import Pipeline V2.
Refreshing native plugins compatible for Editor in 107.77 ms, found 2 plugins.
Preloading 0 native plugins for Editor in 0.00 ms.
Initialize engine version: 2020.3.26f1 (7298b473bc1a)
[Subsystems] Discovering subsystems at path D:/Unity Editor/2020.3.26f1/Editor/Data/Resources/UnitySubsystems
[Subsystems] Discovering subsystems at path D:/Unity_Projects/GameJam1/Assets
GfxDevice: creating device client; threaded=0
Direct3D:
    Version:  Direct3D 11.0 [level 11.1]
    Renderer: NVIDIA GeForce GTX 1650 (ID=0x1f91)
    Vendor:   
    VRAM:     3962 MB
    Driver:   30.0.14.7141
Initialize mono
Mono path[0] = 'D:/Unity Editor/2020.3.26f1/Editor/Data/Managed'
Mono path[1] = 'D:/Unity Editor/2020.3.26f1/Editor/Data/MonoBleedingEdge/lib/mono/unityjit'
Mono config path = 'D:/Unity Editor/2020.3.26f1/Editor/Data/MonoBleedingEdge/etc'
Using monoOptions --debugger-agent=transport=dt_socket,embedding=1,server=y,suspend=n,address=127.0.0.1:56684
Begin MonoManager ReloadAssembly
Registering precompiled unity dll's ...
Register platform support module: D:/Unity Editor/2020.3.26f1/Editor/Data/PlaybackEngines/WebGLSupport/UnityEditor.WebGL.Extensions.dll
Register platform support module: D:/Unity Editor/2020.3.26f1/Editor/Data/PlaybackEngines/WindowsStandaloneSupport/UnityEditor.WindowsStandalone.Extensions.dll
Registered in 0.004870 seconds.
Native extension for WindowsStandalone target not found
Native extension for WebGL target not found
Refreshing native plugins compatible for Editor in 88.97 ms, found 2 plugins.
Preloading 0 native plugins for Editor in 0.00 ms.
Mono: successfully reloaded assembly
- Completed reload, in  0.743 seconds
Domain Reload Profiling:
	ReloadAssembly (743ms)
		BeginReloadAssembly (75ms)
			ExecutionOrderSort (0ms)
			DisableScriptedObjects (0ms)
			BackupInstance (0ms)
			ReleaseScriptingObjects (0ms)
			CreateAndSetChildDomain (1ms)
		EndReloadAssembly (570ms)
			LoadAssemblies (71ms)
			RebuildTransferFunctionScriptingTraits (0ms)
			SetupTypeCache (182ms)
			ReleaseScriptCaches (0ms)
			RebuildScriptCaches (34ms)
			SetupLoadedEditorAssemblies (230ms)
				LogAssemblyErrors (0ms)
				InitializePlatformSupportModulesInManaged (6ms)
				SetLoadedEditorAssemblies (0ms)
				RefreshPlugins (89ms)
				BeforeProcessingInitializeOnLoad (13ms)
				ProcessInitializeOnLoadAttributes (91ms)
				ProcessInitializeOnLoadMethodAttributes (30ms)
				AfterProcessingInitializeOnLoad (0ms)
				EditorAssembliesLoaded (0ms)
			ExecutionOrderSort2 (0ms)
			AwakeInstancesAfterBackupRestoration (0ms)
Platform modules already initialized, skipping
Registering precompiled user dll's ...
Registered in 0.011152 seconds.
Begin MonoManager ReloadAssembly
Native extension for WindowsStandalone target not found
Native extension for WebGL target not found
Refreshing native plugins compatible for Editor in 96.91 ms, found 2 plugins.
Preloading 0 native plugins for Editor in 0.00 ms.
Mono: successfully reloaded assembly
- Completed reload, in  1.572 seconds
Domain Reload Profiling:
	ReloadAssembly (1574ms)
		BeginReloadAssembly (176ms)
			ExecutionOrderSort (0ms)
			DisableScriptedObjects (5ms)
			BackupInstance (0ms)
			ReleaseScriptingObjects (0ms)
			CreateAndSetChildDomain (20ms)
		EndReloadAssembly (1311ms)
			LoadAssemblies (142ms)
			RebuildTransferFunctionScriptingTraits (0ms)
			SetupTypeCache (385ms)
			ReleaseScriptCaches (1ms)
			RebuildScriptCaches (62ms)
			SetupLoadedEditorAssemblies (580ms)
				LogAssemblyErrors (0ms)
				InitializePlatformSupportModulesInManaged (5ms)
				SetLoadedEditorAssemblies (0ms)
				RefreshPlugins (97ms)
				BeforeProcessingInitializeOnLoad (154ms)
				ProcessInitializeOnLoadAttributes (261ms)
				ProcessInitializeOnLoadMethodAttributes (48ms)
				AfterProcessingInitializeOnLoad (13ms)
				EditorAssembliesLoaded (0ms)
			ExecutionOrderSort2 (0ms)
			AwakeInstancesAfterBackupRestoration (7ms)
Platform modules already initialized, skipping
========================================================================
Worker process is ready to serve import requests
Launched and connected shader compiler UnityShaderCompiler.exe after 0.08 seconds
Refreshing native plugins compatible for Editor in 1.81 ms, found 2 plugins.
Preloading 0 native plugins for Editor in 0.00 ms.
Unloading 3386 Unused Serialized files (Serialized files now loaded: 0)
System memory in use before: 138.7 MB.
System memory in use after: 138.9 MB.

Unloading 59 unused Assets to reduce memory usage. Loaded Objects now: 3790.
Total: 11.184800 ms (FindLiveObjects: 0.404500 ms CreateObjectMapping: 0.346200 ms MarkObjects: 10.315700 ms  DeleteObjects: 0.116800 ms)

AssetImportParameters requested are different than current active one (requested -> active):
  custom:framework-win-MediaFoundation: 216162199b28c13a410421893ffa2e32 -> 
  custom:video-decoder-ogg-theora: a1e56fd34408186e4bbccfd4996cb3dc -> 
  custom:container-muxer-webm: aa71ff27fc2769a1b78a27578f13a17b -> 
  custom:container-demuxer-webm: 4f35f7cbe854078d1ac9338744f61a02 -> 
  custom:container-demuxer-ogg: 62fdf1f143b41e24485cea50d1cbac27 -> 
  custom:video-encoder-webm-vp8: eb34c28f22e8b96e1ab97ce403110664 -> 
  custom:video-codec-MediaFoundation-h265: 746d11721c4dcdbdad8f713fa42b33f4 -> 
  custom:video-decoder-webm-vp8: 9c59270c3fd7afecdb556c50c9e8de78 -> 
  custom:audio-decoder-ogg-vorbis: bf7c407c2cedff20999df2af8eb42d56 -> 
  custom:audio-encoder-webm-vorbis: bf7c407c2cedff20999df2af8eb42d56 -> 
========================================================================
Received Import Request.
  path: Assets/Models/Sword.mat
  artifactKey: Guid(a1b6445fea28a484792ba21c191a0961) Importer(815301076,1909f56bfc062723c751e8b465ee728b)
Start importing Assets/Models/Sword.mat using Guid(a1b6445fea28a484792ba21c191a0961) Importer(815301076,1909f56bfc062723c751e8b465ee728b)  -> (artifact id: 'ab13cf1e2212ae8c6d27a8b3796aa930') in 0.467199 seconds 
  Import took 0.473314 seconds .

========================================================================
Received Import Request.
  Time since last request: 0.000253 seconds.
  path: Assets/Models/Gun.fbx
  artifactKey: Guid(99c28dedf41c63f4582247913212cd2f) Importer(815301076,1909f56bfc062723c751e8b465ee728b)
Start importing Assets/Models/Gun.fbx using Guid(99c28dedf41c63f4582247913212cd2f) Importer(815301076,1909f56bfc062723c751e8b465ee728b)  -> (artifact id: '44f3c687211ad69c825366638a0346bf') in 0.503058 seconds 
  Import took 0.508977 seconds .

========================================================================
Received Import Request.
  Time since last request: 0.000212 seconds.
  path: Assets/Prefabs/Bullet Casing.prefab
  artifactKey: Guid(7e7796208b04ba6498ecf3f510d8ec86) Importer(815301076,1909f56bfc062723c751e8b465ee728b)
Start importing Assets/Prefabs/Bullet Casing.prefab using Guid(7e7796208b04ba6498ecf3f510d8ec86) Importer(815301076,1909f56bfc062723c751e8b465ee728b)  -> (artifact id: 'c154728779cdeeb44f9db86ec53dc906') in 0.078895 seconds 
  Import took 0.084840 seconds .

========================================================================
Received Import Request.
  Time since last request: 0.000189 seconds.
  path: Assets/Scripts/GunModel.cs
  artifactKey: Guid(29a139b4130a4cf488926c990b67a7df) Importer(815301076,1909f56bfc062723c751e8b465ee728b)
Start importing Assets/Scripts/GunModel.cs using Guid(29a139b4130a4cf488926c990b67a7df) Importer(815301076,1909f56bfc062723c751e8b465ee728b)  -> (artifact id: 'ff4d07ff5207da427732e7ff75dfa748') in 0.006416 seconds 
  Import took 0.012901 seconds .

========================================================================
Received Import Request.
  Time since last request: 0.000201 seconds.
  path: Assets/Models/Sword Diffuse.png
  artifactKey: Guid(28192af269a1c674fb63e0fcbc995b7d) Importer(815301076,1909f56bfc062723c751e8b465ee728b)
Start importing Assets/Models/Sword Diffuse.png using Guid(28192af269a1c674fb63e0fcbc995b7d) Importer(815301076,1909f56bfc062723c751e8b465ee728b)  -> (artifact id: 'd94cdd4a7643e84752de4347017cbaba') in 0.018114 seconds 
  Import took 0.024905 seconds .

========================================================================
Received Import Request.
  Time since last request: 0.000309 seconds.
  path: Assets/Models/Gun.mat
  artifactKey: Guid(c39decd31d6d74b41a6e2d85619c7c16) Importer(815301076,1909f56bfc062723c751e8b465ee728b)
Start importing Assets/Models/Gun.mat using Guid(c39decd31d6d74b41a6e2d85619c7c16) Importer(815301076,1909f56bfc062723c751e8b465ee728b)  -> (artifact id: 'c36c7a960b717db9251c05f2825227ac') in 0.010318 seconds 
  Import took 0.017763 seconds .

========================================================================
Received Import Request.
  Time since last request: 0.000247 seconds.
  path: Assets/Prefabs/Sword Model.prefab
  artifactKey: Guid(baa87b0ad8f8d1044a1201031ceca78e) Importer(815301076,1909f56bfc062723c751e8b465ee728b)
Start importing Assets/Prefabs/Sword Model.prefab using Guid(baa87b0ad8f8d1044a1201031ceca78e) Importer(815301076,1909f56bfc062723c751e8b465ee728b)  -> (artifact id: '5a2feba31daf339d6cdba0e6363c6c1e') in 0.105759 seconds 
  Import took 0.111674 seconds .

========================================================================
Received Import Request.
  Time since last request: 0.000179 seconds.
  path: Assets/Models/Gun Diffuse.png
  artifactKey: Guid(644d6352f4ee2d64f8d2d853d28e16ff) Importer(815301076,1909f56bfc062723c751e8b465ee728b)
Start importing Assets/Models/Gun Diffuse.png using Guid(644d6352f4ee2d64f8d2d853d28e16ff) Importer(815301076,1909f56bfc062723c751e8b465ee728b)  -> (artifact id: 'a327276bce80ae744671d1263341ab1e') in 0.007466 seconds 
  Import took 0.012992 seconds .

========================================================================
Received Import Request.
  Time since last request: 0.000259 seconds.
  path: Assets/Models/Bullet Casing.mat
  artifactKey: Guid(ca5cbd0eee366bb42a3172e9c917e4c7) Importer(815301076,1909f56bfc062723c751e8b465ee728b)
Start importing Assets/Models/Bullet Casing.mat using Guid(ca5cbd0eee366bb42a3172e9c917e4c7) Importer(815301076,1909f56bfc062723c751e8b465ee728b)  -> (artifact id: 'd4cc18353e7f405b3e929d0e6d24c39c') in 0.009625 seconds 
  Import took 0.015510 seconds .

========================================================================
Received Import Request.
  Time since last request: 0.000207 seconds.
  path: Assets/Models/Sword.obj
  artifactKey: Guid(1f1a920c55a235d42aca4c17d5fc4a98) Importer(815301076,1909f56bfc062723c751e8b465ee728b)
Start importing Assets/Models/Sword.obj using Guid(1f1a920c55a235d42aca4c17d5fc4a98) Importer(815301076,1909f56bfc062723c751e8b465ee728b)  -> (artifact id: '3dd8f40ee9dd5e3b8d9f44f267b94256') in 0.027561 seconds 
  Import took 0.033878 seconds .

========================================================================
Received Import Request.
  Time since last request: 0.000215 seconds.
  path: Assets/Prefabs/Gun Model.prefab
  artifactKey: Guid(56921842133a33843a9b292001bb4959) Importer(815301076,1909f56bfc062723c751e8b465ee728b)
Start importing Assets/Prefabs/Gun Model.prefab using Guid(56921842133a33843a9b292001bb4959) Importer(815301076,1909f56bfc062723c751e8b465ee728b) Asset 'Gun': Transition 'Shoot -> Gun Default' in state 'Shoot' doesn't have an Exit Time or any condition, transition will be ignored
UnityEngine.StackTraceUtility:ExtractStackTrace ()
UnityEditor.EditorUtility:Internal_InstantiateRemoveAllNonAnimationComponentsSingle (UnityEngine.Object,UnityEngine.Vector3,UnityEngine.Quaternion)
UnityEditor.EditorUtility:InstantiateRemoveAllNonAnimationComponents (UnityEngine.Object,UnityEngine.Vector3,UnityEngine.Quaternion)
UnityEditor.EditorUtility:InstantiateForAnimatorPreview (UnityEngine.Object)
UnityEditor.GameObjectInspector/PreviewData:UpdateGameObject (UnityEngine.Object)
UnityEditor.GameObjectInspector/PreviewData:.ctor (UnityEngine.Object)
UnityEditor.GameObjectInspector:GetPreviewData ()
UnityEditor.GameObjectInspector:RenderStaticPreview (string,UnityEngine.Object[],int,int)
UnityEditor.AssetPreviewUpdater:CreatePreviewForAsset (UnityEngine.Object,UnityEngine.Object[],string)

[C:\buildslave\unity\build\Editor/Src/Animation/StateMachine.cpp line 1847]

 -> (artifact id: '1de8b6bf7c5d10967cbd48d04ec151d0') in 0.018482 seconds 
  Import took 0.025146 seconds .

========================================================================
Received Prepare
Registering precompiled user dll's ...
Registered in 0.012089 seconds.
Begin MonoManager ReloadAssembly
Native extension for WindowsStandalone target not found
Native extension for WebGL target not found
Refreshing native plugins compatible for Editor in 0.97 ms, found 2 plugins.
Preloading 0 native plugins for Editor in 0.00 ms.
Mono: successfully reloaded assembly
- Completed reload, in  1.518 seconds
Domain Reload Profiling:
	ReloadAssembly (1519ms)
		BeginReloadAssembly (189ms)
			ExecutionOrderSort (0ms)
			DisableScriptedObjects (11ms)
			BackupInstance (0ms)
			ReleaseScriptingObjects (0ms)
			CreateAndSetChildDomain (52ms)
		EndReloadAssembly (1231ms)
			LoadAssemblies (171ms)
			RebuildTransferFunctionScriptingTraits (0ms)
			SetupTypeCache (426ms)
			ReleaseScriptCaches (2ms)
			RebuildScriptCaches (62ms)
			SetupLoadedEditorAssemblies (467ms)
				LogAssemblyErrors (0ms)
				InitializePlatformSupportModulesInManaged (7ms)
				SetLoadedEditorAssemblies (1ms)
				RefreshPlugins (1ms)
				BeforeProcessingInitializeOnLoad (160ms)
				ProcessInitializeOnLoadAttributes (239ms)
				ProcessInitializeOnLoadMethodAttributes (46ms)
				AfterProcessingInitializeOnLoad (13ms)
				EditorAssembliesLoaded (0ms)
			ExecutionOrderSort2 (0ms)
			AwakeInstancesAfterBackupRestoration (8ms)
Platform modules already initialized, skipping
Refreshing native plugins compatible for Editor in 0.92 ms, found 2 plugins.
Preloading 0 native plugins for Editor in 0.00 ms.
Unloading 3332 Unused Serialized files (Serialized files now loaded: 0)
System memory in use before: 136.9 MB.
System memory in use after: 137.2 MB.

Unloading 50 unused Assets to reduce memory usage. Loaded Objects now: 3847.
Total: 7.655700 ms (FindLiveObjects: 0.269000 ms CreateObjectMapping: 0.234000 ms MarkObjects: 7.119000 ms  DeleteObjects: 0.032300 ms)

AssetImportParameters requested are different than current active one (requested -> active):
  custom:framework-win-MediaFoundation: 216162199b28c13a410421893ffa2e32 -> 
  custom:video-decoder-ogg-theora: a1e56fd34408186e4bbccfd4996cb3dc -> 
  custom:container-muxer-webm: aa71ff27fc2769a1b78a27578f13a17b -> 
  custom:container-demuxer-webm: 4f35f7cbe854078d1ac9338744f61a02 -> 
  custom:container-demuxer-ogg: 62fdf1f143b41e24485cea50d1cbac27 -> 
  custom:video-encoder-webm-vp8: eb34c28f22e8b96e1ab97ce403110664 -> 
  custom:video-codec-MediaFoundation-h265: 746d11721c4dcdbdad8f713fa42b33f4 -> 
  custom:video-decoder-webm-vp8: 9c59270c3fd7afecdb556c50c9e8de78 -> 
  custom:audio-decoder-ogg-vorbis: bf7c407c2cedff20999df2af8eb42d56 -> 
  custom:audio-encoder-webm-vorbis: bf7c407c2cedff20999df2af8eb42d56 -> 
========================================================================
Received Import Request.
  Time since last request: 263.940058 seconds.
  path: Assets/Scripts/Hitbox.cs
  artifactKey: Guid(f62772d6fe5fc3c449ea4094b6123b98) Importer(815301076,1909f56bfc062723c751e8b465ee728b)
Start importing Assets/Scripts/Hitbox.cs using Guid(f62772d6fe5fc3c449ea4094b6123b98) Importer(815301076,1909f56bfc062723c751e8b465ee728b)  -> (artifact id: 'e76b397a73fd9a573127d7230d0878d3') in 0.006078 seconds 
  Import took 0.011308 seconds .

========================================================================
Received Import Request.
  Time since last request: 0.577470 seconds.
  path: Assets/Scripts/HealthManager.cs
  artifactKey: Guid(c60d039a98a373641b87e1f7a55b5743) Importer(815301076,1909f56bfc062723c751e8b465ee728b)
Start importing Assets/Scripts/HealthManager.cs using Guid(c60d039a98a373641b87e1f7a55b5743) Importer(815301076,1909f56bfc062723c751e8b465ee728b)  -> (artifact id: '6f6bcfa0ccf6af45b8d7cf6752399bc5') in 0.002079 seconds 
  Import took 0.008095 seconds .

========================================================================
Received Import Request.
  Time since last request: 7.932921 seconds.
  path: Assets/Scripts/PlayerControllerGun.cs
  artifactKey: Guid(abdb3c743c98e2d44965986b5203a1e3) Importer(815301076,1909f56bfc062723c751e8b465ee728b)
Start importing Assets/Scripts/PlayerControllerGun.cs using Guid(abdb3c743c98e2d44965986b5203a1e3) Importer(815301076,1909f56bfc062723c751e8b465ee728b)  -> (artifact id: '0b0f80468ef1ff1d8c1e82f519b6a0a5') in 0.002319 seconds 
  Import took 0.008015 seconds .

========================================================================
Received Import Request.
  Time since last request: 38.690474 seconds.
  path: Assets/Scripts/GameHandler.cs
  artifactKey: Guid(292f585f8617e1b43bcf54af6ae79f5c) Importer(815301076,1909f56bfc062723c751e8b465ee728b)
Start importing Assets/Scripts/GameHandler.cs using Guid(292f585f8617e1b43bcf54af6ae79f5c) Importer(815301076,1909f56bfc062723c751e8b465ee728b)  -> (artifact id: '0fb84a6e2330554526fd7e7848bd9373') in 0.002489 seconds 
  Import took 0.008930 seconds .

========================================================================
Received Prepare
Registering precompiled user dll's ...
Registered in 0.012249 seconds.
Begin MonoManager ReloadAssembly
Native extension for WindowsStandalone target not found
Native extension for WebGL target not found
Refreshing native plugins compatible for Editor in 0.97 ms, found 2 plugins.
Preloading 0 native plugins for Editor in 0.00 ms.
Mono: successfully reloaded assembly
- Completed reload, in  1.431 seconds
Domain Reload Profiling:
	ReloadAssembly (1431ms)
		BeginReloadAssembly (140ms)
			ExecutionOrderSort (0ms)
			DisableScriptedObjects (7ms)
			BackupInstance (0ms)
			ReleaseScriptingObjects (0ms)
			CreateAndSetChildDomain (41ms)
		EndReloadAssembly (1202ms)
			LoadAssemblies (137ms)
			RebuildTransferFunctionScriptingTraits (0ms)
			SetupTypeCache (395ms)
			ReleaseScriptCaches (2ms)
			RebuildScriptCaches (66ms)
			SetupLoadedEditorAssemblies (480ms)
				LogAssemblyErrors (0ms)
				InitializePlatformSupportModulesInManaged (6ms)
				SetLoadedEditorAssemblies (1ms)
				RefreshPlugins (1ms)
				BeforeProcessingInitializeOnLoad (162ms)
				ProcessInitializeOnLoadAttributes (249ms)
				ProcessInitializeOnLoadMethodAttributes (48ms)
				AfterProcessingInitializeOnLoad (14ms)
				EditorAssembliesLoaded (0ms)
			ExecutionOrderSort2 (0ms)
			AwakeInstancesAfterBackupRestoration (8ms)
Platform modules already initialized, skipping
Refreshing native plugins compatible for Editor in 1.18 ms, found 2 plugins.
Preloading 0 native plugins for Editor in 0.00 ms.
Unloading 3332 Unused Serialized files (Serialized files now loaded: 0)
System memory in use before: 137.0 MB.
System memory in use after: 137.2 MB.

Unloading 50 unused Assets to reduce memory usage. Loaded Objects now: 3849.
Total: 11.299700 ms (FindLiveObjects: 0.346500 ms CreateObjectMapping: 0.339500 ms MarkObjects: 10.575900 ms  DeleteObjects: 0.036300 ms)

AssetImportParameters requested are different than current active one (requested -> active):
  custom:framework-win-MediaFoundation: 216162199b28c13a410421893ffa2e32 -> 
  custom:video-decoder-ogg-theora: a1e56fd34408186e4bbccfd4996cb3dc -> 
  custom:container-muxer-webm: aa71ff27fc2769a1b78a27578f13a17b -> 
  custom:container-demuxer-webm: 4f35f7cbe854078d1ac9338744f61a02 -> 
  custom:container-demuxer-ogg: 62fdf1f143b41e24485cea50d1cbac27 -> 
  custom:video-encoder-webm-vp8: eb34c28f22e8b96e1ab97ce403110664 -> 
  custom:video-codec-MediaFoundation-h265: 746d11721c4dcdbdad8f713fa42b33f4 -> 
  custom:video-decoder-webm-vp8: 9c59270c3fd7afecdb556c50c9e8de78 -> 
  custom:audio-decoder-ogg-vorbis: bf7c407c2cedff20999df2af8eb42d56 -> 
  custom:audio-encoder-webm-vorbis: bf7c407c2cedff20999df2af8eb42d56 -> 
========================================================================
Received Import Request.
  Time since last request: 41.002185 seconds.
  path: Assets/Scripts/GameHandler.cs
  artifactKey: Guid(292f585f8617e1b43bcf54af6ae79f5c) Importer(815301076,1909f56bfc062723c751e8b465ee728b)
Start importing Assets/Scripts/GameHandler.cs using Guid(292f585f8617e1b43bcf54af6ae79f5c) Importer(815301076,1909f56bfc062723c751e8b465ee728b)  -> (artifact id: 'e902b2df0ddd0a21045c5093d79b6638') in 0.007406 seconds 
  Import took 0.012565 seconds .

========================================================================
Received Import Request.
  Time since last request: 20.136173 seconds.
  path: Assets/Scripts/PlayerControllerSword.cs
  artifactKey: Guid(fe8dc9770c1e6e3469346b2ac394b322) Importer(815301076,1909f56bfc062723c751e8b465ee728b)
Start importing Assets/Scripts/PlayerControllerSword.cs using Guid(fe8dc9770c1e6e3469346b2ac394b322) Importer(815301076,1909f56bfc062723c751e8b465ee728b)  -> (artifact id: '6dc50b17738925ad98cc96dba466513f') in 0.002629 seconds 
  Import took 0.008043 seconds .

========================================================================
Received Import Request.
  Time since last request: 810.977818 seconds.
  path: Assets/Scripts/PlayerControllerSword.cs
  artifactKey: Guid(fe8dc9770c1e6e3469346b2ac394b322) Importer(815301076,1909f56bfc062723c751e8b465ee728b)
Start importing Assets/Scripts/PlayerControllerSword.cs using Guid(fe8dc9770c1e6e3469346b2ac394b322) Importer(815301076,1909f56bfc062723c751e8b465ee728b)  -> (artifact id: '4fba8c9c9a1b49cbe44bdad1dd77c555') in 0.041045 seconds 
  Import took 0.051323 seconds .

========================================================================
Received Prepare
Registering precompiled user dll's ...
Registered in 0.011663 seconds.
Begin MonoManager ReloadAssembly
Native extension for WindowsStandalone target not found
Native extension for WebGL target not found
Refreshing native plugins compatible for Editor in 0.97 ms, found 2 plugins.
Preloading 0 native plugins for Editor in 0.00 ms.
Mono: successfully reloaded assembly
- Completed reload, in  1.488 seconds
Domain Reload Profiling:
	ReloadAssembly (1489ms)
		BeginReloadAssembly (155ms)
			ExecutionOrderSort (0ms)
			DisableScriptedObjects (7ms)
			BackupInstance (0ms)
			ReleaseScriptingObjects (0ms)
			CreateAndSetChildDomain (48ms)
		EndReloadAssembly (1246ms)
			LoadAssemblies (145ms)
			RebuildTransferFunctionScriptingTraits (0ms)
			SetupTypeCache (387ms)
			ReleaseScriptCaches (2ms)
			RebuildScriptCaches (60ms)
			SetupLoadedEditorAssemblies (532ms)
				LogAssemblyErrors (0ms)
				InitializePlatformSupportModulesInManaged (8ms)
				SetLoadedEditorAssemblies (1ms)
				RefreshPlugins (1ms)
				BeforeProcessingInitializeOnLoad (190ms)
				ProcessInitializeOnLoadAttributes (269ms)
				ProcessInitializeOnLoadMethodAttributes (50ms)
				AfterProcessingInitializeOnLoad (14ms)
				EditorAssembliesLoaded (0ms)
			ExecutionOrderSort2 (0ms)
			AwakeInstancesAfterBackupRestoration (8ms)
Platform modules already initialized, skipping
Refreshing native plugins compatible for Editor in 0.98 ms, found 2 plugins.
Preloading 0 native plugins for Editor in 0.00 ms.
Unloading 3332 Unused Serialized files (Serialized files now loaded: 0)
System memory in use before: 137.0 MB.
System memory in use after: 137.3 MB.

Unloading 50 unused Assets to reduce memory usage. Loaded Objects now: 3851.
Total: 7.315900 ms (FindLiveObjects: 0.339200 ms CreateObjectMapping: 0.198700 ms MarkObjects: 6.747400 ms  DeleteObjects: 0.029800 ms)

AssetImportParameters requested are different than current active one (requested -> active):
  custom:framework-win-MediaFoundation: 216162199b28c13a410421893ffa2e32 -> 
  custom:video-decoder-ogg-theora: a1e56fd34408186e4bbccfd4996cb3dc -> 
  custom:container-muxer-webm: aa71ff27fc2769a1b78a27578f13a17b -> 
  custom:container-demuxer-webm: 4f35f7cbe854078d1ac9338744f61a02 -> 
  custom:container-demuxer-ogg: 62fdf1f143b41e24485cea50d1cbac27 -> 
  custom:video-encoder-webm-vp8: eb34c28f22e8b96e1ab97ce403110664 -> 
  custom:video-codec-MediaFoundation-h265: 746d11721c4dcdbdad8f713fa42b33f4 -> 
  custom:video-decoder-webm-vp8: 9c59270c3fd7afecdb556c50c9e8de78 -> 
  custom:audio-decoder-ogg-vorbis: bf7c407c2cedff20999df2af8eb42d56 -> 
  custom:audio-encoder-webm-vorbis: bf7c407c2cedff20999df2af8eb42d56 -> 
========================================================================
Received Import Request.
  Time since last request: 37.560022 seconds.
  path: Assets/Scripts/PlayerControllerSword.cs
  artifactKey: Guid(fe8dc9770c1e6e3469346b2ac394b322) Importer(815301076,1909f56bfc062723c751e8b465ee728b)
Start importing Assets/Scripts/PlayerControllerSword.cs using Guid(fe8dc9770c1e6e3469346b2ac394b322) Importer(815301076,1909f56bfc062723c751e8b465ee728b)  -> (artifact id: '580657a82020614ae25c1b7750eea467') in 0.006709 seconds 
  Import took 0.013158 seconds .

========================================================================
Received Prepare
Registering precompiled user dll's ...
Registered in 0.011689 seconds.
Begin MonoManager ReloadAssembly
Native extension for WindowsStandalone target not found
Native extension for WebGL target not found
Refreshing native plugins compatible for Editor in 1.26 ms, found 2 plugins.
Preloading 0 native plugins for Editor in 0.00 ms.
Mono: successfully reloaded assembly
- Completed reload, in  2.021 seconds
Domain Reload Profiling:
	ReloadAssembly (2022ms)
		BeginReloadAssembly (194ms)
			ExecutionOrderSort (0ms)
			DisableScriptedObjects (9ms)
			BackupInstance (0ms)
			ReleaseScriptingObjects (0ms)
			CreateAndSetChildDomain (56ms)
		EndReloadAssembly (1708ms)
			LoadAssemblies (199ms)
			RebuildTransferFunctionScriptingTraits (0ms)
			SetupTypeCache (553ms)
			ReleaseScriptCaches (3ms)
			RebuildScriptCaches (92ms)
			SetupLoadedEditorAssemblies (690ms)
				LogAssemblyErrors (0ms)
				InitializePlatformSupportModulesInManaged (10ms)
				SetLoadedEditorAssemblies (1ms)
				RefreshPlugins (1ms)
				BeforeProcessingInitializeOnLoad (226ms)
				ProcessInitializeOnLoadAttributes (362ms)
				ProcessInitializeOnLoadMethodAttributes (69ms)
				AfterProcessingInitializeOnLoad (20ms)
				EditorAssembliesLoaded (0ms)
			ExecutionOrderSort2 (0ms)
			AwakeInstancesAfterBackupRestoration (11ms)
Platform modules already initialized, skipping
Refreshing native plugins compatible for Editor in 1.45 ms, found 2 plugins.
Preloading 0 native plugins for Editor in 0.00 ms.
Unloading 3332 Unused Serialized files (Serialized files now loaded: 0)
System memory in use before: 137.0 MB.
System memory in use after: 137.3 MB.

Unloading 50 unused Assets to reduce memory usage. Loaded Objects now: 3853.
Total: 11.227600 ms (FindLiveObjects: 0.642100 ms CreateObjectMapping: 0.393600 ms MarkObjects: 10.142300 ms  DeleteObjects: 0.047600 ms)

AssetImportParameters requested are different than current active one (requested -> active):
  custom:framework-win-MediaFoundation: 216162199b28c13a410421893ffa2e32 -> 
  custom:video-decoder-ogg-theora: a1e56fd34408186e4bbccfd4996cb3dc -> 
  custom:container-muxer-webm: aa71ff27fc2769a1b78a27578f13a17b -> 
  custom:container-demuxer-webm: 4f35f7cbe854078d1ac9338744f61a02 -> 
  custom:container-demuxer-ogg: 62fdf1f143b41e24485cea50d1cbac27 -> 
  custom:video-encoder-webm-vp8: eb34c28f22e8b96e1ab97ce403110664 -> 
  custom:video-codec-MediaFoundation-h265: 746d11721c4dcdbdad8f713fa42b33f4 -> 
  custom:video-decoder-webm-vp8: 9c59270c3fd7afecdb556c50c9e8de78 -> 
  custom:audio-decoder-ogg-vorbis: bf7c407c2cedff20999df2af8eb42d56 -> 
  custom:audio-encoder-webm-vorbis: bf7c407c2cedff20999df2af8eb42d56 -> 
AssetImportWorkerClient::OnTransportError - code=2 error=End of file
